This is pdfTeX, Version 3.141592653-2.6-1.40.22 (TeX Live 2021) (preloaded format=pdflatex 2021.8.5)  14 DEC 2021 13:30
entering extended mode
 restricted \write18 enabled.
 %&-line parsing enabled.
**refman
(./refman.tex
LaTeX2e <2020-10-01> patch level 4
L3 programming layer <2021-02-18>
(/usr/local/texlive/2021/texmf-dist/tex/latex/base/book.cls
Document Class: book 2020/04/10 v1.4m Standard LaTeX document class
(/usr/local/texlive/2021/texmf-dist/tex/latex/base/bk10.clo
File: bk10.clo 2020/04/10 v1.4m Standard LaTeX file (size option)
)
\c@part=\count179
\c@chapter=\count180
\c@section=\count181
\c@subsection=\count182
\c@subsubsection=\count183
\c@paragraph=\count184
\c@subparagraph=\count185
\c@figure=\count186
\c@table=\count187
\abovecaptionskip=\skip47
\belowcaptionskip=\skip48
\bibindent=\dimen138
)
(/usr/local/texlive/2021/texmf-dist/tex/latex/base/ifthen.sty
Package: ifthen 2014/09/29 v1.1c Standard LaTeX ifthen package (DPC)
)
(/usr/local/texlive/2021/texmf-dist/tex/latex/tools/array.sty
Rollback for package 'array' requested -> date 2016-10-06.
         Best approximation is the release introduced on 2016-10-06.

(/usr/local/texlive/2021/texmf-dist/tex/latex/tools/array-2016-10-06.sty
Package: array 2016/10/06 v2.4d Tabular extension package (FMi)
\col@sep=\dimen139
\extrarowheight=\dimen140
\NC@list=\toks15
\extratabsurround=\skip49
\backup@length=\skip50
))
(/usr/local/texlive/2021/texmf-dist/tex/latex/base/fixltx2e.sty
Package: fixltx2e 2016/12/29 v2.1a fixes to LaTeX (obsolete)
Applying: [2015/01/01] Old fixltx2e package on input line 46.


Package fixltx2e Warning: fixltx2e is not required with releases after 2015
(fixltx2e)                All fixes are now in the LaTeX kernel.
(fixltx2e)                See the latexrelease package for details.

Already applied: [0000/00/00] Old fixltx2e package on input line 53.
) (./doxygen.sty
Package: doxygen 
 (/usr/local/texlive/2021/texmf-dist/tex/latex/base/alltt.sty
Package: alltt 1997/06/16 v2.0g defines alltt environment
)
(/usr/local/texlive/2021/texmf-dist/tex/latex/tools/calc.sty
Package: calc 2017/05/25 v4.3 Infix arithmetic (KKT,FJ)
\calc@Acount=\count188
\calc@Bcount=\count189
\calc@Adimen=\dimen141
\calc@Bdimen=\dimen142
\calc@Askip=\skip51
\calc@Bskip=\skip52
LaTeX Info: Redefining \setlength on input line 80.
LaTeX Info: Redefining \addtolength on input line 81.
\calc@Ccount=\count190
\calc@Cskip=\skip53
)
(/usr/local/texlive/2021/texmf-dist/tex/latex/float/float.sty
Package: float 2001/11/08 v1.3d Float enhancements (AL)
\c@float@type=\count191
\float@exts=\toks16
\float@box=\box47
\@float@everytoks=\toks17
\@floatcapt=\box48
)
(/usr/local/texlive/2021/texmf-dist/tex/latex/tools/verbatim.sty
Package: verbatim 2020-07-07 v1.5u LaTeX2e package for verbatim enhancements
\every@verbatim=\toks18
\verbatim@line=\toks19
\verbatim@in@stream=\read2
)
(/usr/local/texlive/2021/texmf-dist/tex/latex/xcolor/xcolor.sty
Package: xcolor 2016/05/11 v2.12 LaTeX color extensions (UK)

(/usr/local/texlive/2021/texmf-dist/tex/latex/graphics-cfg/color.cfg
File: color.cfg 2016/01/02 v1.6 sample color configuration
)
Package xcolor Info: Driver file: pdftex.def on input line 225.

(/usr/local/texlive/2021/texmf-dist/tex/latex/graphics-def/pdftex.def
File: pdftex.def 2020/10/05 v1.2a Graphics/color driver for pdftex
)
(/usr/local/texlive/2021/texmf-dist/tex/latex/colortbl/colortbl.sty
Package: colortbl 2020/01/04 v1.0e Color table columns (DPC)
\everycr=\toks20
\minrowclearance=\skip54
)
\rownum=\count192
Package xcolor Info: Model `cmy' substituted by `cmy0' on input line 1348.
Package xcolor Info: Model `hsb' substituted by `rgb' on input line 1352.
Package xcolor Info: Model `RGB' extended on input line 1364.
Package xcolor Info: Model `HTML' substituted by `rgb' on input line 1366.
Package xcolor Info: Model `Hsb' substituted by `hsb' on input line 1367.
Package xcolor Info: Model `tHsb' substituted by `hsb' on input line 1368.
Package xcolor Info: Model `HSB' substituted by `hsb' on input line 1369.
Package xcolor Info: Model `Gray' substituted by `gray' on input line 1370.
Package xcolor Info: Model `wave' substituted by `hsb' on input line 1371.
)
(./longtable_doxygen.sty
Package: longtable_doxygen 2014/10/28 v4.11 Multi-page Table package (DPC) - fr
ozen version for doxygen
\LTleft=\skip55
\LTright=\skip56
\LTpre=\skip57
\LTpost=\skip58
\LTchunksize=\count193
\LTcapwidth=\dimen143
\LT@head=\box49
\LT@firsthead=\box50
\LT@foot=\box51
\LT@lastfoot=\box52
\LT@cols=\count194
\LT@rows=\count195
\c@LT@tables=\count196
\c@LT@chunks=\count197
\LT@p@ftn=\toks21
) (./tabu_doxygen.sty
Package: tabu_doxygen 2011/02/26 v2.8 - flexible LaTeX tabulars (FC), frozen ve
rsion for doxygen

(/usr/local/texlive/2021/texmf-dist/tex/latex/varwidth/varwidth.sty
Package: varwidth 2009/03/30 ver 0.92;  Variable-width minipages
\@vwid@box=\box53
\sift@deathcycles=\count198
\@vwid@loff=\dimen144
\@vwid@roff=\dimen145
)
\c@taburow=\count199
\tabu@nbcols=\count266
\tabu@cnt=\count267
\tabu@Xcol=\count268
\tabu@alloc=\count269
\tabu@nested=\count270
\tabu@target=\dimen146
\tabu@spreadtarget=\dimen147
\tabu@naturalX=\dimen148
\tabucolX=\dimen149
\tabu@Xsum=\dimen150
\extrarowdepth=\dimen151
\abovetabulinesep=\dimen152
\belowtabulinesep=\dimen153
\tabustrutrule=\dimen154
\tabu@thebody=\toks22
\tabu@footnotes=\toks23
\tabu@box=\box54
\tabu@arstrutbox=\box55
\tabu@hleads=\box56
\tabu@vleads=\box57
\tabu@cellskip=\skip59
)
(/usr/local/texlive/2021/texmf-dist/tex/latex/fancyvrb/fancyvrb.sty
Package: fancyvrb 2021/01/20 v3.7 verbatim text (tvz,hv)

(/usr/local/texlive/2021/texmf-dist/tex/latex/graphics/keyval.sty
Package: keyval 2014/10/28 v1.15 key=value parser (DPC)
\KV@toks@=\toks24
)
\FV@CodeLineNo=\count271
\FV@InFile=\read3
\FV@TabBox=\box58
\c@FancyVerbLine=\count272
\FV@StepNumber=\count273
\FV@OutFile=\write3
)
(/usr/local/texlive/2021/texmf-dist/tex/latex/tools/tabularx.sty
Package: tabularx 2020/01/15 v2.11c `tabularx' package (DPC)
\TX@col@width=\dimen155
\TX@old@table=\dimen156
\TX@old@col=\dimen157
\TX@target=\dimen158
\TX@delta=\dimen159
\TX@cols=\count274
\TX@ftn=\toks25
)
(/usr/local/texlive/2021/texmf-dist/tex/latex/tools/multicol.sty
Package: multicol 2019/12/09 v1.8y multicolumn formatting (FMi)
\c@tracingmulticols=\count275
\mult@box=\box59
\multicol@leftmargin=\dimen160
\c@unbalance=\count276
\c@collectmore=\count277
\doublecol@number=\count278
\multicoltolerance=\count279
\multicolpretolerance=\count280
\full@width=\dimen161
\page@free=\dimen162
\premulticols=\dimen163
\postmulticols=\dimen164
\multicolsep=\skip60
\multicolbaselineskip=\skip61
\partial@page=\box60
\last@line=\box61
\maxbalancingoverflow=\dimen165
\mult@rightbox=\box62
\mult@grightbox=\box63
\mult@gfirstbox=\box64
\mult@firstbox=\box65
\@tempa=\box66
\@tempa=\box67
\@tempa=\box68
\@tempa=\box69
\@tempa=\box70
\@tempa=\box71
\@tempa=\box72
\@tempa=\box73
\@tempa=\box74
\@tempa=\box75
\@tempa=\box76
\@tempa=\box77
\@tempa=\box78
\@tempa=\box79
\@tempa=\box80
\@tempa=\box81
\@tempa=\box82
\@tempa=\box83
\@tempa=\box84
\@tempa=\box85
\@tempa=\box86
\@tempa=\box87
\@tempa=\box88
\@tempa=\box89
\@tempa=\box90
\@tempa=\box91
\@tempa=\box92
\@tempa=\box93
\@tempa=\box94
\@tempa=\box95
\@tempa=\box96
\@tempa=\box97
\@tempa=\box98
\@tempa=\box99
\@tempa=\box100
\@tempa=\box101
\@tempa=\box102
\c@minrows=\count281
\c@columnbadness=\count282
\c@finalcolumnbadness=\count283
\last@try=\dimen166
\multicolovershoot=\dimen167
\multicolundershoot=\dimen168
\mult@nat@firstbox=\box103
\colbreak@box=\box104
\mc@col@check@num=\count284
)
(/usr/local/texlive/2021/texmf-dist/tex/latex/multirow/multirow.sty
Package: multirow 2021/03/15 v2.8 Span multiple rows of a table
\multirow@colwidth=\skip62
\multirow@cntb=\count285
\multirow@dima=\skip63
\bigstrutjot=\dimen169
)
(/usr/local/texlive/2021/texmf-dist/tex/latex/hanging/hanging.sty
Package: hanging 2009/09/02 v1.2b hanging paragraphs and punctuation
\h@ngcommawd=\skip64
\h@ngfstopwd=\skip65
\h@ngquotewd=\skip66
\h@ngdquotewd=\skip67
\h@ngquerywd=\skip68
\h@ngexclwd=\skip69
\h@ngcolonwd=\skip70
\h@ngscolonwd=\skip71
)
(/usr/local/texlive/2021/texmf-dist/tex/generic/iftex/ifpdf.sty
Package: ifpdf 2019/10/25 v3.4 ifpdf legacy package. Use iftex instead.

(/usr/local/texlive/2021/texmf-dist/tex/generic/iftex/iftex.sty
Package: iftex 2020/03/06 v1.0d TeX engine tests
))
(/usr/local/texlive/2021/texmf-dist/tex/latex/adjustbox/adjustbox.sty
Package: adjustbox 2020/08/19 v1.3 Adjusting TeX boxes (trim, clip, ...)

(/usr/local/texlive/2021/texmf-dist/tex/latex/xkeyval/xkeyval.sty
Package: xkeyval 2020/11/20 v2.8 package option processing (HA)

(/usr/local/texlive/2021/texmf-dist/tex/generic/xkeyval/xkeyval.tex
(/usr/local/texlive/2021/texmf-dist/tex/generic/xkeyval/xkvutils.tex
\XKV@toks=\toks26
\XKV@tempa@toks=\toks27
)
\XKV@depth=\count286
File: xkeyval.tex 2014/12/03 v2.7a key=value parser (HA)
))
(/usr/local/texlive/2021/texmf-dist/tex/latex/adjustbox/adjcalc.sty
Package: adjcalc 2012/05/16 v1.1 Provides advanced setlength with multiple back
-ends (calc, etex, pgfmath)
)
(/usr/local/texlive/2021/texmf-dist/tex/latex/adjustbox/trimclip.sty
Package: trimclip 2020/08/19 v1.2 Trim and clip general TeX material

(/usr/local/texlive/2021/texmf-dist/tex/latex/graphics/graphicx.sty
Package: graphicx 2020/09/09 v1.2b Enhanced LaTeX Graphics (DPC,SPQR)

(/usr/local/texlive/2021/texmf-dist/tex/latex/graphics/graphics.sty
Package: graphics 2020/08/30 v1.4c Standard LaTeX Graphics (DPC,SPQR)

(/usr/local/texlive/2021/texmf-dist/tex/latex/graphics/trig.sty
Package: trig 2016/01/03 v1.10 sin cos tan (DPC)
)
(/usr/local/texlive/2021/texmf-dist/tex/latex/graphics-cfg/graphics.cfg
File: graphics.cfg 2016/06/04 v1.11 sample graphics configuration
)
Package graphics Info: Driver file: pdftex.def on input line 105.
)
\Gin@req@height=\dimen170
\Gin@req@width=\dimen171
)
(/usr/local/texlive/2021/texmf-dist/tex/latex/collectbox/collectbox.sty
Package: collectbox 2012/05/17 v0.4b Collect macro arguments as boxes
\collectedbox=\box105
)
\tc@llx=\dimen172
\tc@lly=\dimen173
\tc@urx=\dimen174
\tc@ury=\dimen175
Package trimclip Info: Using driver 'tc-pdftex.def'.

(/usr/local/texlive/2021/texmf-dist/tex/latex/adjustbox/tc-pdftex.def
File: tc-pdftex.def 2019/01/04 v2.2 Clipping driver for pdftex
))
\adjbox@Width=\dimen176
\adjbox@Height=\dimen177
\adjbox@Depth=\dimen178
\adjbox@Totalheight=\dimen179
\adjbox@pwidth=\dimen180
\adjbox@pheight=\dimen181
\adjbox@pdepth=\dimen182
\adjbox@ptotalheight=\dimen183

(/usr/local/texlive/2021/texmf-dist/tex/latex/ifoddpage/ifoddpage.sty
Package: ifoddpage 2016/04/23 v1.1 Conditionals for odd/even page detection
\c@checkoddpage=\count287
))
(/usr/local/texlive/2021/texmf-dist/tex/latex/amsfonts/amssymb.sty
Package: amssymb 2013/01/14 v3.01 AMS font symbols

(/usr/local/texlive/2021/texmf-dist/tex/latex/amsfonts/amsfonts.sty
Package: amsfonts 2013/01/14 v3.01 Basic AMSFonts support
\@emptytoks=\toks28
\symAMSa=\mathgroup4
\symAMSb=\mathgroup5
LaTeX Font Info:    Redeclaring math symbol \hbar on input line 98.
LaTeX Font Info:    Overwriting math alphabet `\mathfrak' in version `bold'
(Font)                  U/euf/m/n --> U/euf/b/n on input line 106.
))
(/usr/local/texlive/2021/texmf-dist/tex/latex/stackengine/stackengine.sty
Package: stackengine 2017/02/13 v4.01\ Stacking text and objects in convenient 
ways

(/usr/local/texlive/2021/texmf-dist/tex/latex/etoolbox/etoolbox.sty
Package: etoolbox 2020/10/05 v2.5k e-TeX tools for LaTeX (JAW)
\etb@tempcnta=\count288
)
(/usr/local/texlive/2021/texmf-dist/tex/generic/listofitems/listofitems.sty
(/usr/local/texlive/2021/texmf-dist/tex/generic/listofitems/listofitems.tex
\loi_cnt_foreach_nest=\count289
\loi_nestcnt=\count290
)
Package: listofitems 2019/08/21 v1.63 Grab items in lists using user-specified 
sep char (CT)
)
\c@@stackindex=\count291
\@boxshift=\skip72
\stack@tmplength=\skip73
\temp@stkl=\skip74
\@stackedboxwidth=\skip75
\@addedbox=\box106
\@anchorbox=\box107
\stackedbox=\box108
\@centerbox=\box109
\c@ROWcellindex@=\count292
)
(/usr/local/texlive/2021/texmf-dist/tex/latex/enumitem/enumitem.sty
Package: enumitem 2019/06/20 v3.9 Customized lists
\labelindent=\skip76
\enit@outerparindent=\dimen184
\enit@toks=\toks29
\enit@inbox=\box110
\enit@count@id=\count293
\enitdp@description=\count294
)
(/usr/local/texlive/2021/texmf-dist/tex/generic/alphalph/alphalph.sty
Package: alphalph 2019/12/09 v2.6 Convert numbers to letters (HO)

(/usr/local/texlive/2021/texmf-dist/tex/generic/infwarerr/infwarerr.sty
Package: infwarerr 2019/12/03 v1.5 Providing info/warning/error messages (HO)
)
(/usr/local/texlive/2021/texmf-dist/tex/generic/intcalc/intcalc.sty
Package: intcalc 2019/12/15 v1.3 Expandable calculations with integers (HO)
))
(/usr/local/texlive/2021/texmf-dist/tex/generic/ulem/ulem.sty
\UL@box=\box111
\UL@hyphenbox=\box112
\UL@skip=\skip77
\UL@hook=\toks30
\UL@height=\dimen185
\UL@pe=\count295
\UL@pixel=\dimen186
\ULC@box=\box113
Package: ulem 2019/11/18
\ULdepth=\dimen187
)
\xrefbox=\box114
\xreflength=\skip78
\CodeWidthChar=\skip79
\CodeHeightChar=\skip80
\DoxyCodeWidth=\skip81
)
(/usr/local/texlive/2021/texmf-dist/tex/latex/base/inputenc.sty
Package: inputenc 2020/08/01 v1.3d Input encoding file
\inpenc@prehook=\toks31
\inpenc@posthook=\toks32
)
(/usr/local/texlive/2021/texmf-dist/tex/latex/base/makeidx.sty
Package: makeidx 2014/09/29 v1.0m Standard LaTeX package
)
(/usr/local/texlive/2021/texmf-dist/tex/latex/base/textcomp.sty
Package: textcomp 2020/02/02 v2.0n Standard LaTeX package
)
(/usr/local/texlive/2021/texmf-dist/tex/latex/wasysym/wasysym.sty
Package: wasysym 2020/01/19 v2.4 Wasy-2 symbol support package
\symwasy=\mathgroup6
LaTeX Font Info:    Overwriting symbol font `wasy' in version `bold'
(Font)                  U/wasy/m/n --> U/wasy/b/n on input line 93.
)
(/usr/local/texlive/2021/texmf-dist/tex/generic/iftex/ifxetex.sty
Package: ifxetex 2019/10/25 v0.7 ifxetex legacy package. Use iftex instead.
)
(/usr/local/texlive/2021/texmf-dist/tex/latex/base/fontenc.sty
Package: fontenc 2020/08/10 v2.0s Standard LaTeX package
)
(/usr/local/texlive/2021/texmf-dist/tex/latex/psnfss/helvet.sty
Package: helvet 2020/03/25 PSNFSS-v9.3 (WaS) 
)
(/usr/local/texlive/2021/texmf-dist/tex/latex/psnfss/courier.sty
Package: courier 2020/03/25 PSNFSS-v9.3 (WaS) 
)
(/usr/local/texlive/2021/texmf-dist/tex/latex/sectsty/sectsty.sty
Package: sectsty 2002/02/25 v2.0.2 Commands to change all sectional heading sty
les


LaTeX Warning: Command \underbar  has changed.
               Check if current package is valid.


LaTeX Warning: Command \underline  has changed.
               Check if current package is valid.

) (/usr/local/texlive/2021/texmf-dist/tex/latex/geometry/geometry.sty
Package: geometry 2020/01/02 v5.9 Page Geometry

(/usr/local/texlive/2021/texmf-dist/tex/generic/iftex/ifvtex.sty
Package: ifvtex 2019/10/25 v1.7 ifvtex legacy package. Use iftex instead.
)
\Gm@cnth=\count296
\Gm@cntv=\count297
\c@Gm@tempcnt=\count298
\Gm@bindingoffset=\dimen188
\Gm@wd@mp=\dimen189
\Gm@odd@mp=\dimen190
\Gm@even@mp=\dimen191
\Gm@layoutwidth=\dimen192
\Gm@layoutheight=\dimen193
\Gm@layouthoffset=\dimen194
\Gm@layoutvoffset=\dimen195
\Gm@dimlist=\toks33
)
(/usr/local/texlive/2021/texmf-dist/tex/latex/fancyhdr/fancyhdr.sty
Package: fancyhdr 2021/01/28 v4.0.1 Extensive control of page headers and foote
rs
\f@nch@headwidth=\skip82
\f@nch@O@elh=\skip83
\f@nch@O@erh=\skip84
\f@nch@O@olh=\skip85
\f@nch@O@orh=\skip86
\f@nch@O@elf=\skip87
\f@nch@O@erf=\skip88
\f@nch@O@olf=\skip89
\f@nch@O@orf=\skip90
)
(/usr/local/texlive/2021/texmf-dist/tex/latex/natbib/natbib.sty
Package: natbib 2010/09/13 8.31b (PWD, AO)
\bibhang=\skip91
\bibsep=\skip92
LaTeX Info: Redefining \cite on input line 694.
\c@NAT@ctr=\count299
)
(/usr/local/texlive/2021/texmf-dist/tex/latex/tocloft/tocloft.sty
Package: tocloft 2017/08/31 v2.3i parameterised ToC, etc., typesetting
Package tocloft Info: The document has chapter divisions on input line 51.
\cftparskip=\skip93
\cftbeforetoctitleskip=\skip94
\cftaftertoctitleskip=\skip95
\cftbeforepartskip=\skip96
\cftpartnumwidth=\skip97
\cftpartindent=\skip98
\cftbeforechapskip=\skip99
\cftchapindent=\skip100
\cftchapnumwidth=\skip101
\cftbeforesecskip=\skip102
\cftsecindent=\skip103
\cftsecnumwidth=\skip104
\cftbeforesubsecskip=\skip105
\cftsubsecindent=\skip106
\cftsubsecnumwidth=\skip107
\cftbeforesubsubsecskip=\skip108
\cftsubsubsecindent=\skip109
\cftsubsubsecnumwidth=\skip110
\cftbeforeparaskip=\skip111
\cftparaindent=\skip112
\cftparanumwidth=\skip113
\cftbeforesubparaskip=\skip114
\cftsubparaindent=\skip115
\cftsubparanumwidth=\skip116
\cftbeforeloftitleskip=\skip117
\cftafterloftitleskip=\skip118
\cftbeforefigskip=\skip119
\cftfigindent=\skip120
\cftfignumwidth=\skip121
\c@lofdepth=\count300
\c@lotdepth=\count301
\cftbeforelottitleskip=\skip122
\cftafterlottitleskip=\skip123
\cftbeforetabskip=\skip124
\cfttabindent=\skip125
\cfttabnumwidth=\skip126
)
\@indexfile=\write4
\openout4 = `refman.idx'.


Writing index file refman.idx

(/usr/local/texlive/2021/texmf-dist/tex/latex/newunicodechar/newunicodechar.sty
Package: newunicodechar 2018/04/08 v1.2 Defining Unicode characters
)

Package newunicodechar Warning: Redefining Unicode character on input line 116.



Package newunicodechar Warning: Redefining Unicode character on input line 117.


(/usr/local/texlive/2021/texmf-dist/tex/latex/hyperref/hyperref.sty
Package: hyperref 2021-02-27 v7.00k Hypertext links for LaTeX

(/usr/local/texlive/2021/texmf-dist/tex/generic/ltxcmds/ltxcmds.sty
Package: ltxcmds 2020-05-10 v1.25 LaTeX kernel commands for general use (HO)
)
(/usr/local/texlive/2021/texmf-dist/tex/generic/pdftexcmds/pdftexcmds.sty
Package: pdftexcmds 2020-06-27 v0.33 Utility functions of pdfTeX for LuaTeX (HO
)
Package pdftexcmds Info: \pdf@primitive is available.
Package pdftexcmds Info: \pdf@ifprimitive is available.
Package pdftexcmds Info: \pdfdraftmode found.
)
(/usr/local/texlive/2021/texmf-dist/tex/generic/kvsetkeys/kvsetkeys.sty
Package: kvsetkeys 2019/12/15 v1.18 Key value parser (HO)
)
(/usr/local/texlive/2021/texmf-dist/tex/generic/kvdefinekeys/kvdefinekeys.sty
Package: kvdefinekeys 2019-12-19 v1.6 Define keys (HO)
)
(/usr/local/texlive/2021/texmf-dist/tex/generic/pdfescape/pdfescape.sty
Package: pdfescape 2019/12/09 v1.15 Implements pdfTeX's escape features (HO)
)
(/usr/local/texlive/2021/texmf-dist/tex/latex/hycolor/hycolor.sty
Package: hycolor 2020-01-27 v1.10 Color options for hyperref/bookmark (HO)
)
(/usr/local/texlive/2021/texmf-dist/tex/latex/letltxmacro/letltxmacro.sty
Package: letltxmacro 2019/12/03 v1.6 Let assignment for LaTeX macros (HO)
)
(/usr/local/texlive/2021/texmf-dist/tex/latex/auxhook/auxhook.sty
Package: auxhook 2019-12-17 v1.6 Hooks for auxiliary files (HO)
)
(/usr/local/texlive/2021/texmf-dist/tex/latex/kvoptions/kvoptions.sty
Package: kvoptions 2020-10-07 v3.14 Key value format for package options (HO)
)
\@linkdim=\dimen196
\Hy@linkcounter=\count302
\Hy@pagecounter=\count303

(/usr/local/texlive/2021/texmf-dist/tex/latex/hyperref/pd1enc.def
File: pd1enc.def 2021-02-27 v7.00k Hyperref: PDFDocEncoding definition (HO)
Now handling font encoding PD1 ...
... no UTF-8 mapping file for font encoding PD1
)
(/usr/local/texlive/2021/texmf-dist/tex/latex/hyperref/hyperref-langpatches.def
File: hyperref-langpatches.def 2021-02-27 v7.00k Hyperref: patches for babel la
nguages
) (/usr/local/texlive/2021/texmf-dist/tex/generic/etexcmds/etexcmds.sty
Package: etexcmds 2019/12/15 v1.7 Avoid name clashes with e-TeX commands (HO)
)
\Hy@SavedSpaceFactor=\count304

(/usr/local/texlive/2021/texmf-dist/tex/latex/hyperref/puenc.def
File: puenc.def 2021-02-27 v7.00k Hyperref: PDF Unicode definition (HO)
Now handling font encoding PU ...
... no UTF-8 mapping file for font encoding PU
)
Package hyperref Info: Hyper figures OFF on input line 4192.
Package hyperref Info: Link nesting OFF on input line 4197.
Package hyperref Info: Hyper index ON on input line 4200.
Package hyperref Info: Plain pages OFF on input line 4207.
Package hyperref Info: Backreferencing ON on input line 4210.
Package hyperref Info: Implicit mode ON; LaTeX internals redefined.
Package hyperref Info: Bookmarks ON on input line 4445.

(/usr/local/texlive/2021/texmf-dist/tex/latex/hyperref/backref.sty
Package: backref 2021/02/04 v1.41 Bibliographical back referencing

(/usr/local/texlive/2021/texmf-dist/tex/latex/rerunfilecheck/rerunfilecheck.sty
Package: rerunfilecheck 2019/12/05 v1.9 Rerun checks for auxiliary files (HO)
(/usr/local/texlive/2021/texmf-dist/tex/latex/base/atveryend-ltx.sty
Package: atveryend-ltx 2020/08/19 v1.0a Emulation of the original atvery packag
e
with kernel methods
)
(/usr/local/texlive/2021/texmf-dist/tex/generic/uniquecounter/uniquecounter.sty
Package: uniquecounter 2019/12/15 v1.4 Provide unlimited unique counter (HO)
(/usr/local/texlive/2021/texmf-dist/tex/generic/bigintcalc/bigintcalc.sty
Package: bigintcalc 2019/12/15 v1.5 Expandable calculations on big integers (HO
)
))
Package uniquecounter Info: New unique counter `rerunfilecheck' on input line 2
86.
))
\c@Hy@tempcnt=\count305

(/usr/local/texlive/2021/texmf-dist/tex/latex/url/url.sty
\Urlmuskip=\muskip16
Package: url 2013/09/16  ver 3.4  Verb mode for urls, etc.
)
LaTeX Info: Redefining \url on input line 4804.
\XeTeXLinkMargin=\dimen197

(/usr/local/texlive/2021/texmf-dist/tex/generic/bitset/bitset.sty
Package: bitset 2019/12/09 v1.3 Handle bit-vector datatype (HO)
)
\Fld@menulength=\count306
\Field@Width=\dimen198
\Fld@charsize=\dimen199
Package hyperref Info: Hyper figures OFF on input line 6075.
Package hyperref Info: Link nesting OFF on input line 6080.
Package hyperref Info: Hyper index ON on input line 6083.
Package hyperref Info: backreferencing ON on input line 6088.
Package hyperref Info: Link coloring OFF on input line 6095.
Package hyperref Info: Link coloring with OCG OFF on input line 6100.
Package hyperref Info: PDF/A mode OFF on input line 6105.
LaTeX Info: Redefining \ref on input line 6145.
LaTeX Info: Redefining \pageref on input line 6149.

(/usr/local/texlive/2021/texmf-dist/tex/latex/base/atbegshi-ltx.sty
Package: atbegshi-ltx 2020/08/17 v1.0a Emulation of the original atbegshi packa
ge
with kernel methods
)
\Hy@abspage=\count307
\c@Item=\count308
\c@Hfootnote=\count309
)
Package hyperref Info: Driver: hpdftex.

(/usr/local/texlive/2021/texmf-dist/tex/latex/hyperref/hpdftex.def
File: hpdftex.def 2021-02-27 v7.00k Hyperref driver for pdfTeX
\Fld@listcount=\count310
\c@bookmark@seq@number=\count311
\Hy@SectionHShift=\skip127
)
Package hyperref Info: Option `colorlinks' set `true' on input line 134.
Package hyperref Info: Option `unicode' set `true' on input line 134.

(/usr/local/texlive/2021/texmf-dist/tex/latex/caption/caption.sty
Package: caption 2020/10/26 v3.5g Customizing captions (AR)

(/usr/local/texlive/2021/texmf-dist/tex/latex/caption/caption3.sty
Package: caption3 2020/10/21 v2.2e caption3 kernel (AR)
\captionmargin=\dimen256
\captionmargin@=\dimen257
\captionwidth=\dimen258
\caption@tempdima=\dimen259
\caption@indent=\dimen260
\caption@parindent=\dimen261
\caption@hangindent=\dimen262
Package caption Info: Standard document class detected.
)
\c@caption@flags=\count312
\c@continuedfloat=\count313
Package caption Info: float package is loaded.
Package caption Info: hyperref package is loaded.
Package caption Info: longtable package is loaded.

(/usr/local/texlive/2021/texmf-dist/tex/latex/caption/ltcaption.sty
Package: ltcaption 2020/05/30 v1.4b longtable captions (AR)
))
(/usr/local/texlive/2021/texmf-dist/tex/latex/etoc/etoc.sty
Package: etoc 2020/05/15 v1.09c Completely customisable TOCs (JFB)
\Etoc@toctoks=\toks34
\c@etoc@tocid=\count314
\c@etoc@tocdepth=\count315
\etoc@framed@titlebox=\box115
\etoc@framed@contentsbox=\box116
)
LaTeX Font Info:    Trying to load font information for T1+phv on input line 15
0.

(/usr/local/texlive/2021/texmf-dist/tex/latex/psnfss/t1phv.fd
File: t1phv.fd 2020/03/25 scalable font definitions for T1/phv.
)
LaTeX Font Info:    Font shape `T1/phv/m/n' will be
(Font)              scaled to size 8.99994pt on input line 150.

(/usr/local/texlive/2021/texmf-dist/tex/latex/l3backend/l3backend-pdftex.def
File: l3backend-pdftex.def 2021-03-18 L3 backend support: PDF output (pdfTeX)
\l__color_backend_stack_int=\count316
\l__pdf_internal_box=\box117
)
(./refman.aux)
\openout1 = `refman.aux'.

LaTeX Font Info:    Checking defaults for OML/cmm/m/it on input line 150.
LaTeX Font Info:    ... okay on input line 150.
LaTeX Font Info:    Checking defaults for OMS/cmsy/m/n on input line 150.
LaTeX Font Info:    ... okay on input line 150.
LaTeX Font Info:    Checking defaults for OT1/cmr/m/n on input line 150.
LaTeX Font Info:    ... okay on input line 150.
LaTeX Font Info:    Checking defaults for T1/cmr/m/n on input line 150.
LaTeX Font Info:    ... okay on input line 150.
LaTeX Font Info:    Checking defaults for TS1/cmr/m/n on input line 150.
LaTeX Font Info:    ... okay on input line 150.
LaTeX Font Info:    Checking defaults for OMX/cmex/m/n on input line 150.
LaTeX Font Info:    ... okay on input line 150.
LaTeX Font Info:    Checking defaults for U/cmr/m/n on input line 150.
LaTeX Font Info:    ... okay on input line 150.
LaTeX Font Info:    Checking defaults for PD1/pdf/m/n on input line 150.
LaTeX Font Info:    ... okay on input line 150.
LaTeX Font Info:    Checking defaults for PU/pdf/m/n on input line 150.
LaTeX Font Info:    ... okay on input line 150.

(/usr/local/texlive/2021/texmf-dist/tex/context/base/mkii/supp-pdf.mkii
[Loading MPS to PDF converter (version 2006.09.02).]
\scratchcounter=\count317
\scratchdimen=\dimen263
\scratchbox=\box118
\nofMPsegments=\count318
\nofMParguments=\count319
\everyMPshowfont=\toks35
\MPscratchCnt=\count320
\MPscratchDim=\dimen264
\MPnumerator=\count321
\makeMPintoPDFobject=\count322
\everyMPtoPDFconversion=\toks36
) (/usr/local/texlive/2021/texmf-dist/tex/latex/epstopdf-pkg/epstopdf-base.sty
Package: epstopdf-base 2020-01-24 v2.11 Base part for package epstopdf
Package epstopdf-base Info: Redefining graphics rule for `.eps' on input line 4
85.

(/usr/local/texlive/2021/texmf-dist/tex/latex/latexconfig/epstopdf-sys.cfg
File: epstopdf-sys.cfg 2010/07/13 v1.3 Configuration of (r)epstopdf for TeX Liv
e
))
*geometry* driver: auto-detecting
*geometry* detected driver: pdftex
*geometry* verbose mode - [ preamble ] result:
* driver: pdftex
* paper: a4paper
* layout: <same size as paper>
* layoutoffset:(h,v)=(0.0pt,0.0pt)
* modes: twoside 
* h-part:(L,W,R)=(71.13188pt, 455.24411pt, 71.13188pt)
* v-part:(T,H,B)=(71.13188pt, 702.78308pt, 71.13188pt)
* \paperwidth=597.50787pt
* \paperheight=845.04684pt
* \textwidth=455.24411pt
* \textheight=702.78308pt
* \oddsidemargin=-1.1381pt
* \evensidemargin=-1.1381pt
* \topmargin=-31.2056pt
* \headheight=12.0pt
* \headsep=18.06749pt
* \topskip=10.0pt
* \footskip=25.29494pt
* \marginparwidth=125.0pt
* \marginparsep=7.0pt
* \columnsep=10.0pt
* \skip\footins=9.0pt plus 4.0pt minus 2.0pt
* \hoffset=0.0pt
* \voffset=0.0pt
* \mag=1000
* \@twocolumnfalse
* \@twosidetrue
* \@mparswitchtrue
* \@reversemarginfalse
* (1in=72.27pt=25.4mm, 1cm=28.453pt)

Package hyperref Info: Link coloring ON on input line 150.
(/usr/local/texlive/2021/texmf-dist/tex/latex/hyperref/nameref.sty
Package: nameref 2021-04-02 v2.47 Cross-referencing by name of section

(/usr/local/texlive/2021/texmf-dist/tex/latex/refcount/refcount.sty
Package: refcount 2019/12/15 v3.6 Data extraction from label references (HO)
)
(/usr/local/texlive/2021/texmf-dist/tex/generic/gettitlestring/gettitlestring.s
ty
Package: gettitlestring 2019/12/15 v1.6 Cleanup title references (HO)
)
\c@section@level=\count323
)
LaTeX Info: Redefining \ref on input line 150.
LaTeX Info: Redefining \pageref on input line 150.
LaTeX Info: Redefining \nameref on input line 150.
 (./refman.out) (./refman.out)
\@outlinefile=\write5
\openout5 = `refman.out'.

Package backref Info: ** backref set up for natbib ** on input line 150.
Package caption Info: Begin \AtBeginDocument code.
Package caption Info: End \AtBeginDocument code.
\Etoc@tf=\read4
Package hyperref Info: Option `pageanchor' set `false' on input line 158.
Package hyperref Info: Option `bookmarksnumbered' set `true' on input line 158.

Package hyperref Info: Option `unicode' set `true' on input line 158.
LaTeX Font Info:    Font shape `T1/phv/m/n' will be
(Font)              scaled to size 12.9599pt on input line 163.
LaTeX Font Info:    Font shape `T1/phv/m/n' will be
(Font)              scaled to size 10.79993pt on input line 165.
 [1


{/usr/local/texlive/2021/texmf-var/fonts/map/pdftex/updmap/pdftex.map}] [2

]
\tf@toc=\write6
\openout6 = `refman.toc'.

LaTeX Font Info:    Font shape `T1/phv/b/n' will be
(Font)              scaled to size 8.99994pt on input line 171.
LaTeX Font Info:    Font shape `T1/phv/b/n' will be
(Font)              scaled to size 6.29996pt on input line 171.
LaTeX Font Info:    Trying to load font information for U+msa on input line 171
.

(/usr/local/texlive/2021/texmf-dist/tex/latex/amsfonts/umsa.fd
File: umsa.fd 2013/01/14 v3.01 AMS symbols A
)
LaTeX Font Info:    Trying to load font information for U+msb on input line 171
.

(/usr/local/texlive/2021/texmf-dist/tex/latex/amsfonts/umsb.fd
File: umsb.fd 2013/01/14 v3.01 AMS symbols B
)
LaTeX Font Info:    Trying to load font information for U+wasy on input line 17
1.

(/usr/local/texlive/2021/texmf-dist/tex/latex/wasysym/uwasy.fd
File: uwasy.fd 2020/01/19 v2.4 Wasy-2 symbol font definitions
)
LaTeX Font Info:    Font shape `T1/phv/m/n' will be
(Font)              scaled to size 6.29996pt on input line 171.
LaTeX Font Info:    Font shape `T1/phv/m/n' will be
(Font)              scaled to size 7.19995pt on input line 171.
LaTeX Font Info:    Trying to load font information for T1+pcr on input line 17
1.

(/usr/local/texlive/2021/texmf-dist/tex/latex/psnfss/t1pcr.fd
File: t1pcr.fd 2001/06/04 font definitions for T1/pcr.
) [1] [2] [3]
[4] [5] [6] [7] [8

]
Package hyperref Info: Option `pageanchor' set `true' on input line 174.

Chapter 1.
LaTeX Font Info:    Font shape `T1/phv/m/n' will be
(Font)              scaled to size 18.66588pt on input line 176.
LaTeX Font Info:    Font shape `T1/phv/b/n' will be
(Font)              scaled to size 18.66588pt on input line 176.
LaTeX Font Info:    Font shape `T1/phv/bc/n' will be
(Font)              scaled to size 18.66588pt on input line 176.
LaTeX Font Info:    Font shape `T1/phv/m/n' will be
(Font)              scaled to size 22.39185pt on input line 176.
LaTeX Font Info:    Font shape `T1/phv/b/n' will be
(Font)              scaled to size 22.39185pt on input line 176.
LaTeX Font Info:    Font shape `T1/phv/bc/n' will be
(Font)              scaled to size 22.39185pt on input line 176.
LaTeX Font Info:    Font shape `T1/phv/bc/n' will be
(Font)              scaled to size 6.29996pt on input line 176.

(./md___users_pablodeputter__documents__git_hub__advanced__programming__doodle_
jump__r_e_a_d_m_e.tex) [1

] [2

]
Chapter 2.
(./namespaces.tex
LaTeX Font Info:    Font shape `T1/phv/b/n' will be
(Font)              scaled to size 12.9599pt on input line 1.
) [3] [4

]
Chapter 3.
(./hierarchy.tex [5]) [6]
Chapter 4.
(./annotated.tex [7

]) [8]
Chapter 5.
(./files.tex
Overfull \hbox (28.65662pt too wide) in paragraph at lines 3--3
 [][] \T1/phv/m/n/10 /[]Users/pablodeputter/[]Documents/[]Git[]Hub/[]Advanced-[
]Programming-[]Doodle[]Jump/engine/include/[] 
 []


Underfull \hbox (badness 10000) in paragraph at lines 3--3
 []  
 []


Underfull \hbox (badness 10000) in paragraph at lines 5--5
 []  
 []


Underfull \hbox (badness 10000) in paragraph at lines 7--7
 []  
 []


Overfull \hbox (70.29877pt too wide) in paragraph at lines 12--12
 [][] \T1/phv/m/n/10 /[]Users/pablodeputter/[]Documents/[]Git[]Hub/[]Advanced-[
]Programming-[]Doodle[]Jump/engine/include/controller/[] 
 []


Underfull \hbox (badness 10000) in paragraph at lines 12--12
 []  
 []


Overfull \hbox (47.37608pt too wide) in paragraph at lines 13--13
 [][] \T1/phv/m/n/10 /[]Users/pablodeputter/[]Documents/[]Git[]Hub/[]Advanced-[
]Programming-[]Doodle[]Jump/engine/include/controller/[] 
 []


Underfull \hbox (badness 10000) in paragraph at lines 13--13
 []  
 []


Overfull \hbox (78.33551pt too wide) in paragraph at lines 14--14
 [][] \T1/phv/m/n/10 /[]Users/pablodeputter/[]Documents/[]Git[]Hub/[]Advanced-[
]Programming-[]Doodle[]Jump/engine/include/controller/[] 
 []


Underfull \hbox (badness 10000) in paragraph at lines 14--14
 []  
 []


Overfull \hbox (69.92984pt too wide) in paragraph at lines 15--15
 [][] \T1/phv/m/n/10 /[]Users/pablodeputter/[]Documents/[]Git[]Hub/[]Advanced-[
]Programming-[]Doodle[]Jump/engine/include/controller/[] 
 []


Underfull \hbox (badness 10000) in paragraph at lines 15--15
 []  
 []


Overfull \hbox (41.57153pt too wide) in paragraph at lines 16--16
 [][] \T1/phv/m/n/10 /[]Users/pablodeputter/[]Documents/[]Git[]Hub/[]Advanced-[
]Programming-[]Doodle[]Jump/engine/include/model/[] 
 []


Underfull \hbox (badness 10000) in paragraph at lines 16--16
 []  
 []


Overfull \hbox (19.10796pt too wide) in paragraph at lines 17--17
 [][] \T1/phv/m/n/10 /[]Users/pablodeputter/[]Documents/[]Git[]Hub/[]Advanced-[
]Programming-[]Doodle[]Jump/engine/include/model/[] 
 []


Underfull \hbox (badness 10000) in paragraph at lines 17--17
 []  
 []


Overfull \hbox (15.42679pt too wide) in paragraph at lines 18--18
 [][] \T1/phv/m/n/10 /[]Users/pablodeputter/[]Documents/[]Git[]Hub/[]Advanced-[
]Programming-[]Doodle[]Jump/engine/include/model/[] 
 []


Underfull \hbox (badness 10000) in paragraph at lines 18--18
 []  
 []


Overfull \hbox (67.78786pt too wide) in paragraph at lines 19--19
 [][] \T1/phv/m/n/10 /[]Users/pablodeputter/[]Documents/[]Git[]Hub/[]Advanced-[
]Programming-[]Doodle[]Jump/engine/include/model/[] 
 []


Underfull \hbox (badness 10000) in paragraph at lines 19--19
 []  
 []


Overfull \hbox (24.65186pt too wide) in paragraph at lines 20--20
 [][] \T1/phv/m/n/10 /[]Users/pablodeputter/[]Documents/[]Git[]Hub/[]Advanced-[
]Programming-[]Doodle[]Jump/engine/include/model/[] 
 []


Underfull \hbox (badness 10000) in paragraph at lines 20--20
 []  
 []


Overfull \hbox (27.27962pt too wide) in paragraph at lines 21--21
 [][] \T1/phv/m/n/10 /[]Users/pablodeputter/[]Documents/[]Git[]Hub/[]Advanced-[
]Programming-[]Doodle[]Jump/engine/include/model/[] 
 []


Underfull \hbox (badness 10000) in paragraph at lines 21--21
 []  
 []


Overfull \hbox (18.42393pt too wide) in paragraph at lines 22--22
 [][] \T1/phv/m/n/10 /[]Users/pablodeputter/[]Documents/[]Git[]Hub/[]Advanced-[
]Programming-[]Doodle[]Jump/engine/include/model/[] 
 []


Underfull \hbox (badness 10000) in paragraph at lines 22--22
 []  
 []


Overfull \hbox (19.96269pt too wide) in paragraph at lines 23--23
 [][] \T1/phv/m/n/10 /[]Users/pablodeputter/[]Documents/[]Git[]Hub/[]Advanced-[
]Programming-[]Doodle[]Jump/engine/include/model/[] 
 []


Underfull \hbox (badness 10000) in paragraph at lines 23--23
 []  
 []


Overfull \hbox (49.78812pt too wide) in paragraph at lines 24--24
 [][] \T1/phv/m/n/10 /[]Users/pablodeputter/[]Documents/[]Git[]Hub/[]Advanced-[
]Programming-[]Doodle[]Jump/engine/include/model/[] 
 []


Underfull \hbox (badness 10000) in paragraph at lines 24--24
 []  
 []


Overfull \hbox (69.8849pt too wide) in paragraph at lines 25--25
 [][] \T1/phv/m/n/10 /[]Users/pablodeputter/[]Documents/[]Git[]Hub/[]Advanced-[
]Programming-[]Doodle[]Jump/engine/include/model/[] 
 []


Underfull \hbox (badness 10000) in paragraph at lines 25--25
 []  
 []

[9

]
Overfull \hbox (56.92499pt too wide) in paragraph at lines 26--26
 [][] \T1/phv/m/n/10 /[]Users/pablodeputter/[]Documents/[]Git[]Hub/[]Advanced-[
]Programming-[]Doodle[]Jump/engine/include/model/[] 
 []


Underfull \hbox (badness 10000) in paragraph at lines 26--26
 []  
 []


Underfull \hbox (badness 10000) in paragraph at lines 27--27
 []  
 []


Overfull \hbox (20.33173pt too wide) in paragraph at lines 28--28
 [][] \T1/phv/m/n/10 /[]Users/pablodeputter/[]Documents/[]Git[]Hub/[]Advanced-[
]Programming-[]Doodle[]Jump/engine/include/util/[] 
 []


Underfull \hbox (badness 10000) in paragraph at lines 28--28
 []  
 []


Underfull \hbox (badness 10000) in paragraph at lines 29--29
 []  
 []


Overfull \hbox (22.6987pt too wide) in paragraph at lines 30--30
 [][] \T1/phv/m/n/10 /[]Users/pablodeputter/[]Documents/[]Git[]Hub/[]Advanced-[
]Programming-[]Doodle[]Jump/engine/include/util/[] 
 []


Underfull \hbox (badness 10000) in paragraph at lines 30--30
 []  
 []


Underfull \hbox (badness 10000) in paragraph at lines 31--31
 []  
 []


Overfull \hbox (27.73874pt too wide) in paragraph at lines 32--32
 [][] \T1/phv/m/n/10 /[]Users/pablodeputter/[]Documents/[]Git[]Hub/[]Advanced-[
]Programming-[]Doodle[]Jump/game/include/[] 
 []


Underfull \hbox (badness 10000) in paragraph at lines 32--32
 []  
 []


Overfull \hbox (49.87834pt too wide) in paragraph at lines 34--34
 [][] \T1/phv/m/n/10 /[]Users/pablodeputter/[]Documents/[]Git[]Hub/[]Advanced-[
]Programming-[]Doodle[]Jump/game/include/util/[] 
 []


Underfull \hbox (badness 10000) in paragraph at lines 34--34
 []  
 []


Overfull \hbox (49.1586pt too wide) in paragraph at lines 35--35
 [][] \T1/phv/m/n/10 /[]Users/pablodeputter/[]Documents/[]Git[]Hub/[]Advanced-[
]Programming-[]Doodle[]Jump/game/include/view/[] 
 []


Underfull \hbox (badness 10000) in paragraph at lines 35--35
 []  
 []


Overfull \hbox (26.82994pt too wide) in paragraph at lines 36--36
 [][] \T1/phv/m/n/10 /[]Users/pablodeputter/[]Documents/[]Git[]Hub/[]Advanced-[
]Programming-[]Doodle[]Jump/game/include/view/[] 
 []


Underfull \hbox (badness 10000) in paragraph at lines 36--36
 []  
 []


Underfull \hbox (badness 10000) in paragraph at lines 37--37
 []  
 []


Overfull \hbox (34.86668pt too wide) in paragraph at lines 38--38
 [][] \T1/phv/m/n/10 /[]Users/pablodeputter/[]Documents/[]Git[]Hub/[]Advanced-[
]Programming-[]Doodle[]Jump/game/include/view/[] 
 []


Underfull \hbox (badness 10000) in paragraph at lines 38--38
 []  
 []


Overfull \hbox (26.46101pt too wide) in paragraph at lines 39--39
 [][] \T1/phv/m/n/10 /[]Users/pablodeputter/[]Documents/[]Git[]Hub/[]Advanced-[
]Programming-[]Doodle[]Jump/game/include/view/[] 
 []


Underfull \hbox (badness 10000) in paragraph at lines 39--39
 []  
 []


Overfull \hbox (24.91296pt too wide) in paragraph at lines 40--40
 [][] \T1/phv/m/n/10 /[]Users/pablodeputter/[]Documents/[]Git[]Hub/[]Advanced-[
]Programming-[]Doodle[]Jump/game/include/view/[] 
 []


Underfull \hbox (badness 10000) in paragraph at lines 40--40
 []  
 []

) [10]
Chapter 6.
(./namespace_model.tex
LaTeX Font Info:    Font shape `T1/phv/b/n' will be
(Font)              scaled to size 10.79993pt on input line 8.
LaTeX Font Info:    Trying to load font information for TS1+phv on input line 1
1.

(/usr/local/texlive/2021/texmf-dist/tex/latex/psnfss/ts1phv.fd
File: ts1phv.fd 2020/03/25 scalable font definitions for TS1/phv.
)
LaTeX Font Info:    Font shape `TS1/phv/m/n' will be
(Font)              scaled to size 8.99994pt on input line 11.
LaTeX Font Info:    Font shape `T1/phv/m/n' will be
(Font)              scaled to size 8.09995pt on input line 20.
LaTeX Font Info:    Font shape `T1/phv/m/it' in size <9> not available
(Font)              Font shape `T1/phv/m/sl' tried instead on input line 20.
LaTeX Font Info:    Font shape `T1/phv/m/sl' will be
(Font)              scaled to size 8.09995pt on input line 20.
 [11

])
(./namespace_observer.tex) (./namespace_settings.tex) (./namespace_utils.tex
[12]) [13] [14

]
Chapter 7.
(./class_model_1_1_abstract_factory.tex <./class_model_1_1_abstract_factory.pdf
>
<class_model_1_1_abstract_factory.pdf, id=1863, 501.875pt x 264.14685pt>
File: class_model_1_1_abstract_factory.pdf Graphic file (type pdf)
<use class_model_1_1_abstract_factory.pdf>
Package pdftex.def Info: class_model_1_1_abstract_factory.pdf  used on input li
ne 6.
(pdftex.def)             Requested size: 108.11543pt x 56.9055pt.

Underfull \hbox (badness 10000) in paragraph at lines 43--43
[]\T1/phv/m/n/10 /[]Users/pablodeputter/[]Documents/[]Git[]Hub/[]Advanced-[]Pro
gramming-[]Doodle[]Jump/engine/include/Abstract[]
 []

) (./class_model_1_1_background.tex <./class_model_1_1_background.pdf>
<class_model_1_1_background.pdf, id=1877, 501.875pt x 233.4321pt>
File: class_model_1_1_background.pdf Graphic file (type pdf)
<use class_model_1_1_background.pdf>
Package pdftex.def Info: class_model_1_1_background.pdf  used on input line 6.
(pdftex.def)             Requested size: 183.51596pt x 85.35826pt.
 [15]
LaTeX Font Info:    Font shape `T1/phv/bc/n' will be
(Font)              scaled to size 8.99994pt on input line 30.

Underfull \hbox (badness 10000) detected at line 30
[][][]
 []

LaTeX Font Info:    Font shape `T1/pcr/m/it' in size <8> not available
(Font)              Font shape `T1/pcr/m/sl' tried instead on input line 41.

Overfull \hbox (33.37294pt too wide) in paragraph at lines 55--55
[]\T1/phv/m/n/10 /[]Users/pablodeputter/[]Documents/[]Git[]Hub/[]Advanced-[]Pro
gramming-[]Doodle[]Jump/engine/include/model/Background.[]
 []

) (./class_view_1_1_background_view.tex <./class_view_1_1_background_view.pdf>
<class_view_1_1_background_view.pdf, id=1912, 501.875pt x 62.34291pt>
File: class_view_1_1_background_view.pdf Graphic file (type pdf)
<use class_view_1_1_background_view.pdf>
Package pdftex.def Info: class_view_1_1_background_view.pdf  used on input line
 6.
(pdftex.def)             Requested size: 398.36842pt x 49.4832pt.

[16]
LaTeX Font Info:    Font shape `T1/phv/b/n' will be
(Font)              scaled to size 7.19995pt on input line 26.

Overfull \hbox (19.6754pt too wide) in paragraph at lines 47--48
[]\T1/phv/m/n/10 /[]Users/pablodeputter/[]Documents/[]Git[]Hub/[]Advanced-[]Pro
gramming-[]Doodle[]Jump/game/include/view/Background[]
 []

) (./class_model_1_1_bonus.tex <./class_model_1_1_bonus.pdf>
<class_model_1_1_bonus.pdf, id=1939, 501.875pt x 246.82211pt>
File: class_model_1_1_bonus.pdf Graphic file (type pdf)
<use class_model_1_1_bonus.pdf>
Package pdftex.def Info: class_model_1_1_bonus.pdf  used on input line 6.
(pdftex.def)             Requested size: 173.56058pt x 85.35826pt.
 [17]
Underfull \hbox (badness 10000) detected at line 40
[][][]
 []


Underfull \hbox (badness 10000) detected at line 53
[][][]
 []

[18]) (./class_controller_1_1_bonus_controller.tex <./class_controller_1_1_bonu
s_controller.pdf>
<class_controller_1_1_bonus_controller.pdf, id=1988, 501.875pt x 174.06029pt>
File: class_controller_1_1_bonus_controller.pdf Graphic file (type pdf)
<use class_controller_1_1_bonus_controller.pdf>
Package pdftex.def Info: class_controller_1_1_bonus_controller.pdf  used on inp
ut line 6.
(pdftex.def)             Requested size: 246.12pt x 85.35826pt.

Overfull \hbox (21.04308pt too wide) in paragraph at lines 20--20
[]\T1/phv/m/n/10 /[]Users/pablodeputter/[]Documents/[]Git[]Hub/[]Advanced-[]Pro
gramming-[]Doodle[]Jump/engine/include/controller/Bonus[]
 []

) (./class_view_1_1_bonus_view.tex <./class_view_1_1_bonus_view.pdf>
<class_view_1_1_bonus_view.pdf, id=1994, 501.875pt x 62.34291pt>
File: class_view_1_1_bonus_view.pdf Graphic file (type pdf)
<use class_view_1_1_bonus_view.pdf>
Package pdftex.def Info: class_view_1_1_bonus_view.pdf  used on input line 6.
(pdftex.def)             Requested size: 398.36842pt x 49.4832pt.

Underfull \hbox (badness 10000) in paragraph at lines 20--20
[]\T1/phv/m/n/10 /[]Users/pablodeputter/[]Documents/[]Git[]Hub/[]Advanced-[]Pro
gramming-[]Doodle[]Jump/game/include/view/Bonus[]
 []

[19]) (./class_utils_1_1_camera.tex <./class_utils_1_1_camera.pdf>
<class_utils_1_1_camera.pdf, id=2012, 501.875pt x 329.0995pt>
File: class_utils_1_1_camera.pdf Graphic file (type pdf)
<use class_utils_1_1_camera.pdf>
Package pdftex.def Info: class_utils_1_1_camera.pdf  used on input line 15.
(pdftex.def)             Requested size: 86.78029pt x 56.9055pt.
 [20]
Underfull \hbox (badness 10000) detected at line 78
[][][]
 []


Underfull \hbox (badness 10000) detected at line 91
[][][]
 []


Underfull \hbox (badness 10000) detected at line 104
[][][]
 []

[21]
Underfull \hbox (badness 10000) detected at line 117
[][][]
 []


Underfull \hbox (badness 10000) detected at line 130
[][][]
 []


Underfull \hbox (badness 10000) detected at line 143
[][][]
 []

[22]
Underfull \hbox (badness 10000) detected at line 163
[][][]
 []


Underfull \hbox (badness 10000) detected at line 181
[][][]
 []

[23]
Underfull \hbox (badness 10000) detected at line 211
[][][]
 []

[24]
Underfull \hbox (badness 10000) detected at line 273
[][][]
 []

) (./class_model_1_1_collision_box.tex) (./class_collision_event.tex <./class_c
ollision_event.pdf>
<class_collision_event.pdf, id=2103, 501.875pt x 401.5pt>
File: class_collision_event.pdf Graphic file (type pdf)
<use class_collision_event.pdf>
Package pdftex.def Info: class_collision_event.pdf  used on input line 6.
(pdftex.def)             Requested size: 71.12737pt x 56.9055pt.
 [25]) (./class_view_1_1_concrete_factory.tex <./class_view_1_1_concrete_factor
y.pdf>
<class_view_1_1_concrete_factory.pdf, id=2128, 501.875pt x 264.14685pt>
File: class_view_1_1_concrete_factory.pdf Graphic file (type pdf)
<use class_view_1_1_concrete_factory.pdf>
Package pdftex.def Info: class_view_1_1_concrete_factory.pdf  used on input lin
e 6.
(pdftex.def)             Requested size: 108.11543pt x 56.9055pt.
 [26]
Underfull \hbox (badness 10000) in paragraph at lines 50--51
\T1/pcr/m/n/8 std[]::shared[]_[]ptr$\OML/cmm/m/it/8 <$ [] $>$ \T1/pcr/m/n/8 Con
crete[]Factory[]::create[]Horizontal[]Platform ( ) [override],
 []


Underfull \hbox (badness 10000) in paragraph at lines 110--111
\T1/pcr/m/n/8 std[]::shared[]_[]ptr$\OML/cmm/m/it/8 <$ [] $>$ \T1/pcr/m/n/8 Con
crete[]Factory[]::create[]Temporary[]Platform ( ) [override],
 []

[27]
Underfull \hbox (badness 10000) in paragraph at lines 120--121
\T1/pcr/m/n/8 std[]::shared[]_[]ptr$\OML/cmm/m/it/8 <$ [] $>$ \T1/pcr/m/n/8 Con
crete[]Factory[]::create[]Vertical[]Platform ( ) [override],
 []


Underfull \hbox (badness 10000) in paragraph at lines 130--131
[]\T1/phv/m/n/10 /[]Users/pablodeputter/[]Documents/[]Git[]Hub/[]Advanced-[]Pro
gramming-[]Doodle[]Jump/game/include/Concrete[]
 []


Underfull \hbox (badness 10000) in paragraph at lines 131--131
[]\T1/phv/m/n/10 /[]Users/pablodeputter/[]Documents/[]Git[]Hub/[]Advanced-[]Pro
gramming-[]Doodle[]Jump/game/src/Concrete[]
 []

) (./class_draw_event.tex <./class_draw_event.pdf>
<class_draw_event.pdf, id=2197, 501.875pt x 489.62924pt>
File: class_draw_event.pdf Graphic file (type pdf)
<use class_draw_event.pdf>
Package pdftex.def Info: class_draw_event.pdf  used on input line 6.
(pdftex.def)             Requested size: 58.32321pt x 56.9055pt.
 [28])
(./class_model_1_1_entity.tex <./class_model_1_1_entity.pdf>
<class_model_1_1_entity.pdf, id=2212, 501.875pt x 517.8045pt>
File: class_model_1_1_entity.pdf Graphic file (type pdf)
<use class_model_1_1_entity.pdf>
Package pdftex.def Info: class_model_1_1_entity.pdf  used on input line 15.
(pdftex.def)             Requested size: 330.93985pt x 341.43306pt.
 [29] [30]
Underfull \hbox (badness 10000) detected at line 121
[][][]
 []


Underfull \hbox (badness 10000) detected at line 134
[][][]
 []


Underfull \hbox (badness 1189) in paragraph at lines 139--140
[]\T1/phv/m/n/10 , [], [], [], [], and
 []


Underfull \hbox (badness 10000) detected at line 151
[][][]
 []


Underfull \hbox (badness 10000) detected at line 164
[][][]
 []

[31]
Overfull \vbox (0.44997pt too high) has occurred while \output is active []


[32] [33]) (./class_event.tex <./class_event.pdf>
<class_event.pdf, id=2368, 501.875pt x 659.39348pt>
File: class_event.pdf Graphic file (type pdf)
<use class_event.pdf>
Package pdftex.def Info: class_event.pdf  used on input line 6.
(pdftex.def)             Requested size: 194.9034pt x 256.0748pt.
 [34])
(./class_utils_1_1_exception.tex <./class_utils_1_1_exception.pdf>
<class_utils_1_1_exception.pdf, id=2378, 501.875pt x 481.8pt>
File: class_utils_1_1_exception.pdf Graphic file (type pdf)
<use class_utils_1_1_exception.pdf>
Package pdftex.def Info: class_utils_1_1_exception.pdf  used on input line 6.
(pdftex.def)             Requested size: 88.90921pt x 85.35826pt.
 [35])
(./class_utils_1_1_file_exception.tex <./class_utils_1_1_file_exception.pdf>
<class_utils_1_1_file_exception.pdf, id=2395, 501.875pt x 481.8pt>
File: class_utils_1_1_file_exception.pdf Graphic file (type pdf)
<use class_utils_1_1_file_exception.pdf>
Package pdftex.def Info: class_utils_1_1_file_exception.pdf  used on input line
 6.
(pdftex.def)             Requested size: 88.90921pt x 85.35826pt.
)
(./class_game.tex [36]) (./class_high_score.tex
Underfull \hbox (badness 10000) in paragraph at lines 37--38
[]\T1/phv/m/n/10 /[]Users/pablodeputter/[]Documents/[]Git[]Hub/[]Advanced-[]Pro
gramming-[]Doodle[]Jump/engine/include/High[]
 []

) (./struct_high_score_score.tex
Underfull \hbox (badness 10000) in paragraph at lines 31--31
[]\T1/phv/m/n/10 /[]Users/pablodeputter/[]Documents/[]Git[]Hub/[]Advanced-[]Pro
gramming-[]Doodle[]Jump/engine/include/High[]
 []

[37]) (./class_model_1_1_horizontal_platform.tex <./class_model_1_1_horizontal_
platform.pdf>
<class_model_1_1_horizontal_platform.pdf, id=2448, 501.875pt x 183.61598pt>
File: class_model_1_1_horizontal_platform.pdf Graphic file (type pdf)
<use class_model_1_1_horizontal_platform.pdf>
Package pdftex.def Info: class_model_1_1_horizontal_platform.pdf  used on input
 line 6.
(pdftex.def)             Requested size: 233.31584pt x 85.35826pt.

Underfull \hbox (badness 10000) detected at line 33
[][][]
 []

[38]
Overfull \hbox (23.62605pt too wide) in paragraph at lines 58--59
[]\T1/phv/m/n/10 /[]Users/pablodeputter/[]Documents/[]Git[]Hub/[]Advanced-[]Pro
gramming-[]Doodle[]Jump/engine/include/model/Horizontal[]
 []

) (./class_controller_1_1_i_controller.tex <./class_controller_1_1_i_controller
.pdf>
<class_controller_1_1_i_controller.pdf, id=2477, 501.875pt x 109.10762pt>
File: class_controller_1_1_i_controller.pdf Graphic file (type pdf)
<use class_controller_1_1_i_controller.pdf>
Package pdftex.def Info: class_controller_1_1_i_controller.pdf  used on input l
ine 6.
(pdftex.def)             Requested size: 392.6479pt x 85.35826pt.
 [39]
Overfull \hbox (39.17749pt too wide) in paragraph at lines 83--84
[]\T1/phv/m/n/10 /[]Users/pablodeputter/[]Documents/[]Git[]Hub/[]Advanced-[]Pro
gramming-[]Doodle[]Jump/engine/include/controller/IController.[]
 []


Overfull \hbox (22.66286pt too wide) in paragraph at lines 84--84
[]\T1/phv/m/n/10 /[]Users/pablodeputter/[]Documents/[]Git[]Hub/[]Advanced-[]Pro
gramming-[]Doodle[]Jump/engine/src/controller/IController.[]
 []

) (./class_i_event_handler.tex <./class_i_event_handler.pdf>
<class_i_event_handler.pdf, id=2514, 501.875pt x 152.74063pt>
File: class_i_event_handler.pdf Graphic file (type pdf)
<use class_i_event_handler.pdf>
Package pdftex.def Info: class_i_event_handler.pdf  used on input line 6.
(pdftex.def)             Requested size: 398.36076pt x 121.23332pt.
 [40])
(./class_view_1_1_i_view.tex <./class_view_1_1_i_view.pdf>
<class_view_1_1_i_view.pdf, id=2535, 501.875pt x 37.40976pt>
File: class_view_1_1_i_view.pdf Graphic file (type pdf)
<use class_view_1_1_i_view.pdf>
Package pdftex.def Info: class_view_1_1_i_view.pdf  used on input line 6.
(pdftex.def)             Requested size: 398.31482pt x 29.68965pt.
 [41] [42])
(./class_visitor_1_1_i_visitor.tex <./class_visitor_1_1_i_visitor.pdf>
<class_visitor_1_1_i_visitor.pdf, id=2599, 501.875pt x 776.71179pt>
File: class_visitor_1_1_i_visitor.pdf Graphic file (type pdf)
<use class_visitor_1_1_i_visitor.pdf>
Package pdftex.def Info: class_visitor_1_1_i_visitor.pdf  used on input line 6.

(pdftex.def)             Requested size: 220.61891pt x 341.43306pt.
)
(./class_model_1_1_jetpack.tex <./class_model_1_1_jetpack.pdf>
<class_model_1_1_jetpack.pdf, id=2605, 501.875pt x 246.82211pt>
File: class_model_1_1_jetpack.pdf Graphic file (type pdf)
<use class_model_1_1_jetpack.pdf>
Package pdftex.def Info: class_model_1_1_jetpack.pdf  used on input line 6.
(pdftex.def)             Requested size: 173.56058pt x 85.35826pt.
 [43]
Underfull \hbox (badness 10000) detected at line 48
[][][]
 []

[44]
Overfull \hbox (16.45326pt too wide) in paragraph at lines 103--104
[]\T1/phv/m/n/10 /[]Users/pablodeputter/[]Documents/[]Git[]Hub/[]Advanced-[]Pro
gramming-[]Doodle[]Jump/engine/include/model/Jetpack.[]
 []


Underfull \hbox (badness 10000) in paragraph at lines 104--104
[]\T1/phv/m/n/10 /[]Users/pablodeputter/[]Documents/[]Git[]Hub/[]Advanced-[]Pro
gramming-[]Doodle[]Jump/engine/src/model/Jetpack.[]
 []

) (./class_key_pressed_event.tex <./class_key_pressed_event.pdf>
<class_key_pressed_event.pdf, id=2651, 501.875pt x 334.57997pt>
File: class_key_pressed_event.pdf Graphic file (type pdf)
<use class_key_pressed_event.pdf>
Package pdftex.def Info: class_key_pressed_event.pdf  used on input line 6.
(pdftex.def)             Requested size: 85.3559pt x 56.9055pt.
 [45])
(./class_move_event.tex <./class_move_event.pdf>
<class_move_event.pdf, id=2666, 501.875pt x 477.97571pt>
File: class_move_event.pdf Graphic file (type pdf)
<use class_move_event.pdf>
Package pdftex.def Info: class_move_event.pdf  used on input line 6.
(pdftex.def)             Requested size: 59.7476pt x 56.9055pt.
)
(./class_new_difficulty_event.tex <./class_new_difficulty_event.pdf>
<class_new_difficulty_event.pdf, id=2675, 501.875pt x 316.1411pt>
File: class_new_difficulty_event.pdf Graphic file (type pdf)
<use class_new_difficulty_event.pdf>
Package pdftex.def Info: class_new_difficulty_event.pdf  used on input line 6.
(pdftex.def)             Requested size: 90.33359pt x 56.9055pt.
 [46])
(./class_new_max_height_event.tex <./class_new_max_height_event.pdf>
<class_new_max_height_event.pdf, id=2702, 501.875pt x 293.0649pt>
File: class_new_max_height_event.pdf Graphic file (type pdf)
<use class_new_max_height_event.pdf>
Package pdftex.def Info: class_new_max_height_event.pdf  used on input line 6.
(pdftex.def)             Requested size: 97.44786pt x 56.9055pt.
 [47])
(./class_observer_1_1_observer.tex <./class_observer_1_1_observer.pdf>
<class_observer_1_1_observer.pdf, id=2723, 501.875pt x 152.74063pt>
File: class_observer_1_1_observer.pdf Graphic file (type pdf)
<use class_observer_1_1_observer.pdf>
Package pdftex.def Info: class_observer_1_1_observer.pdf  used on input line 15
.
(pdftex.def)             Requested size: 398.36076pt x 121.23332pt.
 [48])
(./class_out_of_view_event.tex <./class_out_of_view_event.pdf>
<class_out_of_view_event.pdf, id=2752, 501.875pt x 352.1958pt>
File: class_out_of_view_event.pdf Graphic file (type pdf)
<use class_out_of_view_event.pdf>
Package pdftex.def Info: class_out_of_view_event.pdf  used on input line 6.
(pdftex.def)             Requested size: 81.09041pt x 56.9055pt.
 [49])
(./class_model_1_1_platform.tex <./class_model_1_1_platform.pdf>
<class_model_1_1_platform.pdf, id=2773, 501.875pt x 246.82211pt>
File: class_model_1_1_platform.pdf Graphic file (type pdf)
<use class_model_1_1_platform.pdf>
Package pdftex.def Info: class_model_1_1_platform.pdf  used on input line 6.
(pdftex.def)             Requested size: 173.56058pt x 85.35826pt.

Underfull \hbox (badness 10000) detected at line 36
[][][]
 []

[50]
Overfull \hbox (19.08102pt too wide) in paragraph at lines 61--62
[]\T1/phv/m/n/10 /[]Users/pablodeputter/[]Documents/[]Git[]Hub/[]Advanced-[]Pro
gramming-[]Doodle[]Jump/engine/include/model/Platform.[]
 []

) (./class_controller_1_1_platform_controller.tex <./class_controller_1_1_platf
orm_controller.pdf>
<class_controller_1_1_platform_controller.pdf, id=2800, 501.875pt x 163.6514pt>

File: class_controller_1_1_platform_controller.pdf Graphic file (type pdf)
<use class_controller_1_1_platform_controller.pdf>
Package pdftex.def Info: class_controller_1_1_platform_controller.pdf  used on 
input line 6.
(pdftex.def)             Requested size: 261.77292pt x 85.35826pt.

Overfull \hbox (29.07982pt too wide) in paragraph at lines 20--20
[]\T1/phv/m/n/10 /[]Users/pablodeputter/[]Documents/[]Git[]Hub/[]Advanced-[]Pro
gramming-[]Doodle[]Jump/engine/include/controller/Platform[]
 []

) (./class_view_1_1_platform_view.tex <./class_view_1_1_platform_view.pdf>
<class_view_1_1_platform_view.pdf, id=2806, 501.875pt x 62.34291pt>
File: class_view_1_1_platform_view.pdf Graphic file (type pdf)
<use class_view_1_1_platform_view.pdf>
Package pdftex.def Info: class_view_1_1_platform_view.pdf  used on input line 6
.
(pdftex.def)             Requested size: 398.36842pt x 49.4832pt.

[51]) (./class_model_1_1_player.tex <./class_model_1_1_player.pdf>
<class_model_1_1_player.pdf, id=2827, 501.875pt x 112.35977pt>
File: class_model_1_1_player.pdf Graphic file (type pdf)
<use class_model_1_1_player.pdf>
Package pdftex.def Info: class_model_1_1_player.pdf  used on input line 15.
(pdftex.def)             Requested size: 381.26814pt x 85.35826pt.
 [52]
Underfull \hbox (badness 10000) in paragraph at lines 90--91
|  \T1/pcr/m/n/8 const std[]::shared[]_[]ptr$\OML/cmm/m/it/8 <$ [] $>$ \T1/pcr/
m/n/8 & \T1/pcr/m/sl/8 visitor \T1/pcr/m/n/8 ) [inline], [override],
 []

[53]
Underfull \hbox (badness 10000) detected at line 106
[][][]
 []

) (./class_controller_1_1_player_controller.tex <./class_controller_1_1_player_
controller.pdf>
<class_controller_1_1_player_controller.pdf, id=2893, 501.875pt x 172.07286pt>
File: class_controller_1_1_player_controller.pdf Graphic file (type pdf)
<use class_controller_1_1_player_controller.pdf>
Package pdftex.def Info: class_controller_1_1_player_controller.pdf  used on in
put line 6.
(pdftex.def)             Requested size: 248.96112pt x 85.35826pt.
 [54] [55]
Overfull \hbox (20.67415pt too wide) in paragraph at lines 62--63
[]\T1/phv/m/n/10 /[]Users/pablodeputter/[]Documents/[]Git[]Hub/[]Advanced-[]Pro
gramming-[]Doodle[]Jump/engine/include/controller/Player[]
 []

) (./class_view_1_1_player_view.tex <./class_view_1_1_player_view.pdf>
<class_view_1_1_player_view.pdf, id=2929, 501.875pt x 62.34291pt>
File: class_view_1_1_player_view.pdf Graphic file (type pdf)
<use class_view_1_1_player_view.pdf>
Package pdftex.def Info: class_view_1_1_player_view.pdf  used on input line 6.
(pdftex.def)             Requested size: 398.36842pt x 49.4832pt.

Underfull \hbox (badness 10000) in paragraph at lines 20--20
[]\T1/phv/m/n/10 /[]Users/pablodeputter/[]Documents/[]Git[]Hub/[]Advanced-[]Pro
gramming-[]Doodle[]Jump/game/include/view/Player[]
 []

) (./class_utils_1_1_random.tex [56]
Underfull \hbox (badness 10000) detected at line 46
[][][]
 []


Underfull \hbox (badness 10000) detected at line 59
[][][]
 []

[57]
Underfull \hbox (badness 10000) detected at line 79
[][][]
 []

) (./struct_utils_1_1_resourceholder.tex
Overfull \hbox (41.67975pt too wide) in paragraph at lines 19--19
[]\T1/phv/m/n/10 /[]Users/pablodeputter/[]Documents/[]Git[]Hub/[]Advanced-[]Pro
gramming-[]Doodle[]Jump/game/include/util/Resourcemanager.[]
 []

) (./class_utils_1_1_resourcemanager.tex [58]
Overfull \hbox (41.67975pt too wide) in paragraph at lines 40--40
[]\T1/phv/m/n/10 /[]Users/pablodeputter/[]Documents/[]Git[]Hub/[]Advanced-[]Pro
gramming-[]Doodle[]Jump/game/include/util/Resourcemanager.[]
 []

) (./class_model_1_1_score.tex <./class_model_1_1_score.pdf>
<class_model_1_1_score.pdf, id=2994, 501.875pt x 112.35977pt>
File: class_model_1_1_score.pdf Graphic file (type pdf)
<use class_model_1_1_score.pdf>
Package pdftex.def Info: class_model_1_1_score.pdf  used on input line 6.
(pdftex.def)             Requested size: 381.26814pt x 85.35826pt.
 [59]
Underfull \hbox (badness 10000) detected at line 51
[][][]
 []

[60]) (./class_view_1_1_score_view.tex <./class_view_1_1_score_view.pdf>
<class_view_1_1_score_view.pdf, id=3051, 501.875pt x 62.34291pt>
File: class_view_1_1_score_view.pdf Graphic file (type pdf)
<use class_view_1_1_score_view.pdf>
Package pdftex.def Info: class_view_1_1_score_view.pdf  used on input line 6.
(pdftex.def)             Requested size: 398.36842pt x 49.4832pt.

Underfull \hbox (badness 10000) in paragraph at lines 20--21
[]\T1/phv/m/n/10 /[]Users/pablodeputter/[]Documents/[]Git[]Hub/[]Advanced-[]Pro
gramming-[]Doodle[]Jump/game/include/view/Score[]
 []


Underfull \hbox (badness 10000) in paragraph at lines 21--21
[]\T1/phv/m/n/10 /[]Users/pablodeputter/[]Documents/[]Git[]Hub/[]Advanced-[]Pro
gramming-[]Doodle[]Jump/game/src/view/Score[]
 []

) (./class_model_1_1_spring.tex <./class_model_1_1_spring.pdf>
<class_model_1_1_spring.pdf, id=3058, 501.875pt x 246.82211pt>
File: class_model_1_1_spring.pdf Graphic file (type pdf)
<use class_model_1_1_spring.pdf>
Package pdftex.def Info: class_model_1_1_spring.pdf  used on input line 6.
(pdftex.def)             Requested size: 173.56058pt x 85.35826pt.
 [61]
Underfull \hbox (badness 10000) detected at line 39
[][][]
 []

[62]
Underfull \hbox (badness 10000) in paragraph at lines 95--95
[]\T1/phv/m/n/10 /[]Users/pablodeputter/[]Documents/[]Git[]Hub/[]Advanced-[]Pro
gramming-[]Doodle[]Jump/engine/src/model/Spring.[]
 []

) (./class_model_1_1_static_platform.tex <./class_model_1_1_static_platform.pdf
>
<class_model_1_1_static_platform.pdf, id=3101, 501.875pt x 218.20522pt>
File: class_model_1_1_static_platform.pdf Graphic file (type pdf)
<use class_model_1_1_static_platform.pdf>
Package pdftex.def Info: class_model_1_1_static_platform.pdf  used on input lin
e 6.
(pdftex.def)             Requested size: 196.32011pt x 85.35826pt.
 [63]
Underfull \hbox (badness 10000) detected at line 30
[][][]
 []


Underfull \hbox (badness 10000) in paragraph at lines 56--56
[]\T1/phv/m/n/10 /[]Users/pablodeputter/[]Documents/[]Git[]Hub/[]Advanced-[]Pro
gramming-[]Doodle[]Jump/engine/src/model/Static[]
 []

) (./class_stop_bonus_event.tex <./class_stop_bonus_event.pdf>
<class_stop_bonus_event.pdf, id=3125, 501.875pt x 358.4793pt>
File: class_stop_bonus_event.pdf Graphic file (type pdf)
<use class_stop_bonus_event.pdf>
Package pdftex.def Info: class_stop_bonus_event.pdf  used on input line 6.
(pdftex.def)             Requested size: 79.66602pt x 56.9055pt.
 [64])
(./class_utils_1_1_stopwatch.tex [65]
Underfull \hbox (badness 10000) detected at line 66
[][][]
 []


Underfull \hbox (badness 10000) detected at line 79
[][][]
 []


Underfull \hbox (badness 10000) detected at line 92
[][][]
 []

[66]
Underfull \hbox (badness 10000) detected at line 105
[][][]
 []


Underfull \hbox (badness 10000) in paragraph at lines 113--113
[]\T1/phv/m/n/10 /[]Users/pablodeputter/[]Documents/[]Git[]Hub/[]Advanced-[]Pro
gramming-[]Doodle[]Jump/engine/src/util/Stopwatch.[]
 []

) (./class_observer_1_1_subject.tex <./class_observer_1_1_subject.pdf>
<class_observer_1_1_subject.pdf, id=3189, 501.875pt x 776.71179pt>
File: class_observer_1_1_subject.pdf Graphic file (type pdf)
<use class_observer_1_1_subject.pdf>
Package pdftex.def Info: class_observer_1_1_subject.pdf  used on input line 15.

(pdftex.def)             Requested size: 220.61891pt x 341.43306pt.
 [67]
LaTeX Font Info:    Font shape `T1/phv/m/it' in size <7> not available
(Font)              Font shape `T1/phv/m/sl' tried instead on input line 28.
LaTeX Font Info:    Font shape `T1/phv/m/sl' will be
(Font)              scaled to size 6.29996pt on input line 28.

[68]) (./class_model_1_1_temporary_platform.tex <./class_model_1_1_temporary_pl
atform.pdf>
<class_model_1_1_temporary_platform.pdf, id=3222, 501.875pt x 179.23964pt>
File: class_model_1_1_temporary_platform.pdf Graphic file (type pdf)
<use class_model_1_1_temporary_platform.pdf>
Package pdftex.def Info: class_model_1_1_temporary_platform.pdf  used on input 
line 6.
(pdftex.def)             Requested size: 239.00574pt x 85.35826pt.

Underfull \hbox (badness 10000) detected at line 30
[][][]
 []

[69]
Overfull \hbox (25.7231pt too wide) in paragraph at lines 55--56
[]\T1/phv/m/n/10 /[]Users/pablodeputter/[]Documents/[]Git[]Hub/[]Advanced-[]Pro
gramming-[]Doodle[]Jump/engine/include/model/Temporary[]
 []

) (./class_utils_1_1_utilities.tex [70]
Underfull \hbox (badness 10000) detected at line 42
[][][]
 []


Underfull \hbox (badness 10000) detected at line 62
[][][]
 []

) (./class_model_1_1_vertical_platform.tex <./class_model_1_1_vertical_platform
.pdf>
<class_model_1_1_vertical_platform.pdf, id=3262, 501.875pt x 199.42505pt>
File: class_model_1_1_vertical_platform.pdf Graphic file (type pdf)
<use class_model_1_1_vertical_platform.pdf>
Package pdftex.def Info: class_model_1_1_vertical_platform.pdf  used on input l
ine 6.
(pdftex.def)             Requested size: 214.81415pt x 85.35826pt.
 [71]
Underfull \hbox (badness 10000) detected at line 33
[][][]
 []


Underfull \hbox (badness 10000) in paragraph at lines 59--59
[]\T1/phv/m/n/10 /[]Users/pablodeputter/[]Documents/[]Git[]Hub/[]Advanced-[]Pro
gramming-[]Doodle[]Jump/engine/src/model/Vertical[]
 []

) (./class_world.tex [72]
LaTeX Font Info:    Font shape `T1/pcr/m/it' in size <7> not available
(Font)              Font shape `T1/pcr/m/sl' tried instead on input line 80.
 [73] [74]) [75] [76

]
Chapter 8.
(./_abstract_factory_8h_source.tex) (./_bonus_controller_8h_source.tex [77])
(./_i_controller_8h_source.tex) (./_platform_controller_8h_source.tex [78])
(./_player_controller_8h_source.tex) (./_event_8h_source.tex [79] [80])
(./_high_score_8h_source.tex [81]) (./_i_visitor_8h_source.tex [82])
(./_background_8h_source.tex) (./_bonus_8h_source.tex [83])
(./_entity_8h_source.tex [84]) (./_horizontal_platform_8h_source.tex [85])
(./_jetpack_8h_source.tex) (./_platform_8h_source.tex [86])
(./_player_8h_source.tex [87]) (./_spring_8h_source.tex [88])
(./_static_platform_8h_source.tex) (./_temporary_platform_8h_source.tex)
(./_vertical_platform_8h_source.tex [89]) (./_observer_8h_source.tex)
(./_score_8h_source.tex [90]) (./_settings_8h_source.tex [91])
(./_subject_8h_source.tex [92]) (./_camera_8h_source.tex)
(./_exception_8h_source.tex [93]) (./_random_8h_source.tex)
(./_stopwatch_8h_source.tex [94]) (./_utilities_8h_source.tex [95])
(./_world_8h_source.tex) (./_concrete_factory_8h_source.tex [96])
(./_game_8h_source.tex [97]) (./_resourcemanager_8h_source.tex [98])
(./_background_view_8h_source.tex [99]) (./_bonus_view_8h_source.tex)
(./_i_view_8h_source.tex [100]) (./_platform_view_8h_source.tex [101])
(./_player_view_8h_source.tex) (./_score_view_8h_source.tex [102]) [103]
[104

] (./refman.ind
Underfull \hbox (badness 10000) in paragraph at lines 3--5
[]\T1/phv/m/n/10 /Users/pablodeputter/Documents/GitHub/Advanced-
 []


Overfull \hbox (59.4283pt too wide) in paragraph at lines 3--5
\T1/phv/m/n/10 Programming-DoodleJump/engine/include/AbstractFactory.h,
 []


Underfull \hbox (badness 10000) in paragraph at lines 5--7
[]\T1/phv/m/n/10 /Users/pablodeputter/Documents/GitHub/Advanced-
 []


Overfull \hbox (20.36906pt too wide) in paragraph at lines 5--7
\T1/phv/m/n/10 Programming-DoodleJump/engine/include/Event.h,
 []


Underfull \hbox (badness 10000) in paragraph at lines 7--9
[]\T1/phv/m/n/10 /Users/pablodeputter/Documents/GitHub/Advanced-
 []


Overfull \hbox (39.45789pt too wide) in paragraph at lines 7--9
\T1/phv/m/n/10 Programming-DoodleJump/engine/include/HighScore.h,
 []


Underfull \hbox (badness 10000) in paragraph at lines 9--11
[]\T1/phv/m/n/10 /Users/pablodeputter/Documents/GitHub/Advanced-
 []


Overfull \hbox (24.63489pt too wide) in paragraph at lines 9--11
\T1/phv/m/n/10 Programming-DoodleJump/engine/include/IVisitor.h,
 []


Underfull \hbox (badness 10000) in paragraph at lines 11--13
[]\T1/phv/m/n/10 /Users/pablodeputter/Documents/GitHub/Advanced-
 []


Overfull \hbox (34.1838pt too wide) in paragraph at lines 11--13
\T1/phv/m/n/10 Programming-DoodleJump/engine/include/Observer.h,
 []


Underfull \hbox (badness 10000) in paragraph at lines 13--15
[]\T1/phv/m/n/10 /Users/pablodeputter/Documents/GitHub/Advanced-
 []


Overfull \hbox (20.9542pt too wide) in paragraph at lines 13--15
\T1/phv/m/n/10 Programming-DoodleJump/engine/include/Score.h,
 []


Underfull \hbox (badness 10000) in paragraph at lines 15--17
[]\T1/phv/m/n/10 /Users/pablodeputter/Documents/GitHub/Advanced-
 []


Overfull \hbox (29.9629pt too wide) in paragraph at lines 15--17
\T1/phv/m/n/10 Programming-DoodleJump/engine/include/Settings.h,
 []


Underfull \hbox (badness 10000) in paragraph at lines 17--19
[]\T1/phv/m/n/10 /Users/pablodeputter/Documents/GitHub/Advanced-
 []


Overfull \hbox (27.59593pt too wide) in paragraph at lines 17--19
\T1/phv/m/n/10 Programming-DoodleJump/engine/include/Subject.h,
 []


Underfull \hbox (badness 10000) in paragraph at lines 19--21
[]\T1/phv/m/n/10 /Users/pablodeputter/Documents/GitHub/Advanced-
 []


Overfull \hbox (20.94505pt too wide) in paragraph at lines 19--21
\T1/phv/m/n/10 Programming-DoodleJump/engine/include/World.h,
 []


Underfull \hbox (badness 10000) in paragraph at lines 21--23
[]\T1/phv/m/n/10 /Users/pablodeputter/Documents/GitHub/Advanced-
 []


Overfull \hbox (101.07045pt too wide) in paragraph at lines 21--23
\T1/phv/m/n/10 Programming-DoodleJump/engine/include/controller/BonusController
.h,
 []


Underfull \hbox (badness 10000) in paragraph at lines 23--25
[]\T1/phv/m/n/10 /Users/pablodeputter/Documents/GitHub/Advanced-
 []


Overfull \hbox (78.14777pt too wide) in paragraph at lines 23--25
\T1/phv/m/n/10 Programming-DoodleJump/engine/include/controller/IController.h,
 []


Underfull \hbox (badness 10000) in paragraph at lines 25--27
[]\T1/phv/m/n/10 /Users/pablodeputter/Documents/GitHub/Advanced-
 []


Overfull \hbox (109.1072pt too wide) in paragraph at lines 25--27
\T1/phv/m/n/10 Programming-DoodleJump/engine/include/controller/PlatformControl
ler.h,
 []


Underfull \hbox (badness 10000) in paragraph at lines 27--29
[]\T1/phv/m/n/10 /Users/pablodeputter/Documents/GitHub/Advanced-
 []


Overfull \hbox (100.70152pt too wide) in paragraph at lines 27--29
\T1/phv/m/n/10 Programming-DoodleJump/engine/include/controller/PlayerControlle
r.h,
 []


Underfull \hbox (badness 10000) in paragraph at lines 29--31
[]\T1/phv/m/n/10 /Users/pablodeputter/Documents/GitHub/Advanced-
 []


Overfull \hbox (72.34322pt too wide) in paragraph at lines 29--31
\T1/phv/m/n/10 Programming-DoodleJump/engine/include/model/Background.h,
 []


Underfull \hbox (badness 10000) in paragraph at lines 31--33
[]\T1/phv/m/n/10 /Users/pablodeputter/Documents/GitHub/Advanced-
 []


Overfull \hbox (49.87964pt too wide) in paragraph at lines 31--33
\T1/phv/m/n/10 Programming-DoodleJump/engine/include/model/Bonus.h,
 []


Underfull \hbox (badness 10000) in paragraph at lines 33--35
[]\T1/phv/m/n/10 /Users/pablodeputter/Documents/GitHub/Advanced-
 []


Overfull \hbox (46.19847pt too wide) in paragraph at lines 33--35
\T1/phv/m/n/10 Programming-DoodleJump/engine/include/model/Entity.h,
 []


Underfull \hbox (badness 10000) in paragraph at lines 35--37
[]\T1/phv/m/n/10 /Users/pablodeputter/Documents/GitHub/Advanced-
 []


Overfull \hbox (98.55954pt too wide) in paragraph at lines 35--37
\T1/phv/m/n/10 Programming-DoodleJump/engine/include/model/HorizontalPlatform.h
,
 []


Underfull \hbox (badness 10000) in paragraph at lines 37--39
[]\T1/phv/m/n/10 /Users/pablodeputter/Documents/GitHub/Advanced-
 []


Overfull \hbox (55.42354pt too wide) in paragraph at lines 37--39
\T1/phv/m/n/10 Programming-DoodleJump/engine/include/model/Jetpack.h,
 []


Underfull \hbox (badness 10000) in paragraph at lines 39--41
[]\T1/phv/m/n/10 /Users/pablodeputter/Documents/GitHub/Advanced-
 []


Overfull \hbox (58.0513pt too wide) in paragraph at lines 39--41
\T1/phv/m/n/10 Programming-DoodleJump/engine/include/model/Platform.h,
 []


Underfull \hbox (badness 10000) in paragraph at lines 41--43
[]\T1/phv/m/n/10 /Users/pablodeputter/Documents/GitHub/Advanced-
 []


Overfull \hbox (49.19562pt too wide) in paragraph at lines 41--43
\T1/phv/m/n/10 Programming-DoodleJump/engine/include/model/Player.h,
 []


Underfull \hbox (badness 10000) in paragraph at lines 43--45
[]\T1/phv/m/n/10 /Users/pablodeputter/Documents/GitHub/Advanced-
 []


Overfull \hbox (50.73438pt too wide) in paragraph at lines 43--45
\T1/phv/m/n/10 Programming-DoodleJump/engine/include/model/Spring.h,
 []


Underfull \hbox (badness 10000) in paragraph at lines 45--47
[]\T1/phv/m/n/10 /Users/pablodeputter/Documents/GitHub/Advanced-
 []


Overfull \hbox (80.5598pt too wide) in paragraph at lines 45--47
\T1/phv/m/n/10 Programming-DoodleJump/engine/include/model/StaticPlatform.h,
 []


Underfull \hbox (badness 10000) in paragraph at lines 47--49
[]\T1/phv/m/n/10 /Users/pablodeputter/Documents/GitHub/Advanced-
 []


Overfull \hbox (100.65659pt too wide) in paragraph at lines 47--49
\T1/phv/m/n/10 Programming-DoodleJump/engine/include/model/TemporaryPlatform.h,

 []


Underfull \hbox (badness 10000) in paragraph at lines 49--51
[]\T1/phv/m/n/10 /Users/pablodeputter/Documents/GitHub/Advanced-
 []


Overfull \hbox (87.69667pt too wide) in paragraph at lines 49--51
\T1/phv/m/n/10 Programming-DoodleJump/engine/include/model/VerticalPlatform.h,
 []


Underfull \hbox (badness 10000) in paragraph at lines 51--53
[]\T1/phv/m/n/10 /Users/pablodeputter/Documents/GitHub/Advanced-
 []


Overfull \hbox (43.4986pt too wide) in paragraph at lines 51--53
\T1/phv/m/n/10 Programming-DoodleJump/engine/include/util/Camera.h,
 []


Underfull \hbox (badness 10000) in paragraph at lines 53--55
[]\T1/phv/m/n/10 /Users/pablodeputter/Documents/GitHub/Advanced-
 []


Overfull \hbox (51.10341pt too wide) in paragraph at lines 53--55
\T1/phv/m/n/10 Programming-DoodleJump/engine/include/util/Exception.h,
 []


Underfull \hbox (badness 10000) in paragraph at lines 55--57
[]\T1/phv/m/n/10 /Users/pablodeputter/Documents/GitHub/Advanced-
 []


Overfull \hbox (45.59557pt too wide) in paragraph at lines 55--57
\T1/phv/m/n/10 Programming-DoodleJump/engine/include/util/Random.h,
 []


Underfull \hbox (badness 10000) in paragraph at lines 57--59
[]\T1/phv/m/n/10 /Users/pablodeputter/Documents/GitHub/Advanced-
 []


Overfull \hbox (53.47038pt too wide) in paragraph at lines 57--59
\T1/phv/m/n/10 Programming-DoodleJump/engine/include/util/Stopwatch.h,
 []


Underfull \hbox (badness 10000) in paragraph at lines 59--61
[]\T1/phv/m/n/10 /Users/pablodeputter/Documents/GitHub/Advanced-
 []


Overfull \hbox (40.4476pt too wide) in paragraph at lines 59--61
\T1/phv/m/n/10 Programming-DoodleJump/engine/include/util/Utilities.h,
 []


Underfull \hbox (badness 10000) in paragraph at lines 61--63
[]\T1/phv/m/n/10 /Users/pablodeputter/Documents/GitHub/Advanced-
 []


Overfull \hbox (58.51042pt too wide) in paragraph at lines 61--63
\T1/phv/m/n/10 Programming-DoodleJump/game/include/ConcreteFactory.h,
 []


Underfull \hbox (badness 10000) in paragraph at lines 63--65
[]\T1/phv/m/n/10 /Users/pablodeputter/Documents/GitHub/Advanced-
 []


Overfull \hbox (17.4443pt too wide) in paragraph at lines 63--65
\T1/phv/m/n/10 Programming-DoodleJump/game/include/Game.h,
 []


Underfull \hbox (badness 10000) in paragraph at lines 65--67
[]\T1/phv/m/n/10 /Users/pablodeputter/Documents/GitHub/Advanced-
 []


Overfull \hbox (80.65002pt too wide) in paragraph at lines 65--67
\T1/phv/m/n/10 Programming-DoodleJump/game/include/util/Resourcemanager.h,
 []


Underfull \hbox (badness 10000) in paragraph at lines 67--69
[]\T1/phv/m/n/10 /Users/pablodeputter/Documents/GitHub/Advanced-
 []


Overfull \hbox (79.93028pt too wide) in paragraph at lines 67--69
\T1/phv/m/n/10 Programming-DoodleJump/game/include/view/BackgroundView.h,
 []

[105


]
Underfull \hbox (badness 10000) in paragraph at lines 69--71
[]\T1/phv/m/n/10 /Users/pablodeputter/Documents/GitHub/Advanced-
 []


Overfull \hbox (57.60162pt too wide) in paragraph at lines 69--71
\T1/phv/m/n/10 Programming-DoodleJump/game/include/view/BonusView.h,
 []


Underfull \hbox (badness 10000) in paragraph at lines 71--73
[]\T1/phv/m/n/10 /Users/pablodeputter/Documents/GitHub/Advanced-
 []


Overfull \hbox (34.67894pt too wide) in paragraph at lines 71--73
\T1/phv/m/n/10 Programming-DoodleJump/game/include/view/IView.h,
 []


Underfull \hbox (badness 10000) in paragraph at lines 73--75
[]\T1/phv/m/n/10 /Users/pablodeputter/Documents/GitHub/Advanced-
 []


Overfull \hbox (65.63837pt too wide) in paragraph at lines 73--75
\T1/phv/m/n/10 Programming-DoodleJump/game/include/view/PlatformView.h,
 []


Underfull \hbox (badness 10000) in paragraph at lines 75--77
[]\T1/phv/m/n/10 /Users/pablodeputter/Documents/GitHub/Advanced-
 []


Overfull \hbox (57.2327pt too wide) in paragraph at lines 75--77
\T1/phv/m/n/10 Programming-DoodleJump/game/include/view/PlayerView.h,
 []


Underfull \hbox (badness 10000) in paragraph at lines 77--79
[]\T1/phv/m/n/10 /Users/pablodeputter/Documents/GitHub/Advanced-
 []


Overfull \hbox (55.68465pt too wide) in paragraph at lines 77--79
\T1/phv/m/n/10 Programming-DoodleJump/game/include/view/ScoreView.h,
 []

[106] [107] [108]) (./refman.aux)
Package rerunfilecheck Info: File `refman.out' has not changed.
(rerunfilecheck)             Checksum: 5B4A2C0D632DDB0B7F714D669A5AE09B;53711.
 ) 
Here is how much of TeX's memory you used:
 18659 strings out of 478994
 314212 string characters out of 5858185
 668948 words of memory out of 5000000
 34698 multiletter control sequences out of 15000+600000
 467848 words of font info for 108 fonts, out of 8000000 for 9000
 1141 hyphenation exceptions out of 8191
 112i,16n,117p,1237b,637s stack positions out of 5000i,500n,10000p,200000b,80000s
{/usr/local/texlive/2021/texmf-dist/fonts/enc/dvips/base/8r.enc}</usr/local/t
exlive/2021/texmf-dist/fonts/type1/public/amsfonts/cm/cmmi10.pfb></usr/local/te
xlive/2021/texmf-dist/fonts/type1/public/amsfonts/cm/cmmi12.pfb></usr/local/tex
live/2021/texmf-dist/fonts/type1/public/amsfonts/cm/cmmi7.pfb></usr/local/texli
ve/2021/texmf-dist/fonts/type1/public/amsfonts/cm/cmmi8.pfb></usr/local/texlive
/2021/texmf-dist/fonts/type1/public/amsfonts/cm/cmsy10.pfb></usr/local/texlive/
2021/texmf-dist/fonts/type1/public/amsfonts/cm/cmsy7.pfb></usr/local/texlive/20
21/texmf-dist/fonts/type1/urw/courier/ucrb8a.pfb></usr/local/texlive/2021/texmf
-dist/fonts/type1/urw/courier/ucrr8a.pfb></usr/local/texlive/2021/texmf-dist/fo
nts/type1/urw/courier/ucrro8a.pfb></usr/local/texlive/2021/texmf-dist/fonts/typ
e1/urw/helvetic/uhvb8a.pfb></usr/local/texlive/2021/texmf-dist/fonts/type1/urw/
helvetic/uhvb8ac.pfb></usr/local/texlive/2021/texmf-dist/fonts/type1/urw/helvet
ic/uhvr8a.pfb></usr/local/texlive/2021/texmf-dist/fonts/type1/urw/helvetic/uhvr
o8a.pfb>
Output written on refman.pdf (118 pages, 532329 bytes).
PDF statistics:
 4498 PDF objects out of 5155 (max. 8388607)
 4230 compressed objects within 43 object streams
 918 named destinations out of 1000 (max. 500000)
 2353 words of extra memory for PDF output out of 10000 (max. 10000000)

